This is pdfTeX, Version 3.1415926-1.40.10 (TeX Live 2009/Debian) (format=latex 2012.5.13)  6 JAN 2013 18:26
entering extended mode
 %&-line parsing enabled.
**\makeatletter\def\HCode{\futurelet\HCode\HChar}\def\HChar{\ifx"\HCode\def\HCo
de"##1"{\Link##1}\expandafter\HCode\else\expandafter\Link\fi}\def\Link#1.a.b.c.
{\g@addto@macro\@documentclasshook{\RequirePackage[#1,html]{tex4ht}}\let\HCode\
documentstyle\def\documentstyle{\let\documentstyle\HCode\expandafter\def\csname
 tex4ht\endcsname{#1,html}\def\HCode####1{\documentstyle[tex4ht,}\@ifnextchar[{
\HCode}{\documentstyle[tex4ht]}}}\makeatother\HCode xhtml,ooffice.a.b.c.\input 
 anarchism_and_permaculture.tex
(./anarchism_and_permaculture.tex
(/usr/share/texmf-texlive/tex/latex/base/article.cls
Document Class: article 2007/10/19 v1.4h Standard LaTeX document class
(/usr/share/texmf-texlive/tex/latex/base/size11.clo
File: size11.clo 2007/10/19 v1.4h Standard LaTeX file (size option)
)
\c@part=\count79
\c@section=\count80
\c@subsection=\count81
\c@subsubsection=\count82
\c@paragraph=\count83
\c@subparagraph=\count84
\c@figure=\count85
\c@table=\count86
\abovecaptionskip=\skip41
\belowcaptionskip=\skip42
\bibindent=\dimen102
)
(/usr/share/texmf/tex/generic/tex4ht/tex4ht.sty
version 2008-10-27-17:23
Package: tex4ht 
--------------------------------------
--- Note --- for _ at preamble, use the command line option `early_'
--------------------------------------
--------------------------------------
--- Note --- for ^ at preamble, use the command line option `early^'
--------------------------------------
\tmp:toks=\toks14
)
(/usr/share/texmf/tex/generic/tex4ht/usepackage.4ht
version 2009-05-21-09:32
)
(/usr/share/texmf-texlive/tex/latex/marginnote/marginnote.sty
Package: marginnote 2009/05/06 v1.1d non floating margin notes for LaTeX
\c@mn@abspage=\count87
)
(/usr/share/texmf-texlive/tex/latex/graphics/color.sty
Package: color 2005/11/14 v1.0j Standard LaTeX Color (DPC)

(/etc/texmf/tex/latex/config/color.cfg
File: color.cfg 2007/01/18 v1.5 color configuration of teTeX/TeXLive
)
Package color Info: Driver file: dvips.def on input line 130.

(/usr/share/texmf-texlive/tex/latex/graphics/dvips.def
File: dvips.def 1999/02/16 v3.0i Driver-dependant file (DPC,SPQR)
)
(/usr/share/texmf-texlive/tex/latex/graphics/dvipsnam.def
File: dvipsnam.def 1999/02/16 v3.0i Driver-dependant file (DPC,SPQR)
))
(/usr/share/texmf-texlive/tex/latex/tools/multicol.sty
Package: multicol 2008/12/05 v1.6h multicolumn formatting (FMi)
\c@tracingmulticols=\count88
\mult@box=\box26
\multicol@leftmargin=\dimen103
\c@unbalance=\count89
\c@collectmore=\count90
\doublecol@number=\count91
\multicoltolerance=\count92
\multicolpretolerance=\count93
\full@width=\dimen104
\page@free=\dimen105
\premulticols=\dimen106
\postmulticols=\dimen107
\multicolsep=\skip43
\multicolbaselineskip=\skip44
\partial@page=\box27
\last@line=\box28
\mult@rightbox=\box29
\mult@grightbox=\box30
\mult@gfirstbox=\box31
\mult@firstbox=\box32
\@tempa=\box33
\@tempa=\box34
\@tempa=\box35
\@tempa=\box36
\@tempa=\box37
\@tempa=\box38
\@tempa=\box39
\@tempa=\box40
\@tempa=\box41
\@tempa=\box42
\@tempa=\box43
\@tempa=\box44
\@tempa=\box45
\@tempa=\box46
\@tempa=\box47
\@tempa=\box48
\@tempa=\box49
\c@columnbadness=\count94
\c@finalcolumnbadness=\count95
\last@try=\dimen108
\multicolovershoot=\dimen109
\multicolundershoot=\dimen110
\mult@nat@firstbox=\box50
\colbreak@box=\box51
)
(/usr/share/texmf-texlive/tex/latex/geometry/geometry.sty
Package: geometry 2008/12/21 v4.2 Page Geometry

(/usr/share/texmf-texlive/tex/latex/graphics/keyval.sty
Package: keyval 1999/03/16 v1.13 key=value parser (DPC)
\KV@toks@=\toks15
)
(/usr/share/texmf-texlive/tex/generic/oberdiek/ifpdf.sty
Package: ifpdf 2009/04/10 v2.0 Provides the ifpdf switch (HO)
Package ifpdf Info: pdfTeX in pdf mode not detected.
)
(/usr/share/texmf-texlive/tex/generic/oberdiek/ifvtex.sty
Package: ifvtex 2008/11/04 v1.4 Switches for detecting VTeX and its modes (HO)
Package ifvtex Info: VTeX not detected.
)
\Gm@cnth=\count96
\Gm@cntv=\count97
\c@Gm@tempcnt=\count98
\Gm@bindingoffset=\dimen111
\Gm@wd@mp=\dimen112
\Gm@odd@mp=\dimen113
\Gm@even@mp=\dimen114
\Gm@dimlist=\toks16
)
(/usr/share/texmf-texlive/tex/latex/tools/verbatim.sty
Package: verbatim 2003/08/22 v1.5q LaTeX2e package for verbatim enhancements
\every@verbatim=\toks17
\verbatim@line=\toks18
\verbatim@in@stream=\read1
)
(/usr/share/texmf/tex/generic/tex4ht/tex4ht.4ht
version 2009-01-07-07:11
--------------------------------------
--- Note --- for additional information, use the command line option `info'
--------------------------------------

::::::::::::::::::::::::::::::::::::::::::
 TeX4ht info is available in the log file 
::::::::::::::::::::::::::::::::::::::::::
) (/usr/share/texmf/tex/generic/tex4ht/tex4ht.sty
version 2008-10-27-17:23

--- needs --- tex4ht anarchism_and_permaculture ---
\tmp:cnt=\count99
\openout15 = `anarchism_and_permaculture.tmp'.

(./anarchism_and_permaculture.tmp)
\tmp:dim=\skip45
 (./anarchism_and_permaculture.xref)
\:refout=\write3
\openout3 = `anarchism_and_permaculture.xref'.


(/usr/share/texmf/tex/generic/tex4ht/ooffice.4ht
version 2009-06-11-09:32
)
(/usr/share/texmf/tex/generic/tex4ht/unicode.4ht
version 2009-02-23-20:45
)
(/usr/share/texmf/tex/generic/tex4ht/mathml.4ht
version 2009-04-18-11:08
)
(/usr/share/texmf/tex/generic/tex4ht/ooffice-mml.4ht
version 2009-06-11-09:32
)
--------------------------------------
--- Note --- for marking of the base font, use the command line option `fonts+'

--------------------------------------
--------------------------------------
--- Note --- for non active _, use the command line option `no_'
--------------------------------------
--------------------------------------
--- Note --- for _ of catcode 13, use the command line option `_13'
--------------------------------------
--------------------------------------
--- Note --- for non active ^, use the command line option `no^'
--------------------------------------
--------------------------------------
--- Note --- for ^ of catcode 13, use the command line option `^13'
--------------------------------------

(/usr/share/texmf/tex/generic/tex4ht/ooffice.4ht
version 2009-06-11-09:32
--------------------------------------
--- Note --- for end notes instead of footnotes, use the command line option `e
ndnotes'
--------------------------------------
--------------------------------------
--- Note --- to request links from the tables of contents, use the command line
 option from `TocLink'
--------------------------------------
)
(/usr/share/texmf/tex/generic/tex4ht/unicode.4ht
version 2009-02-23-20:45
)
(/usr/share/texmf/tex/generic/tex4ht/mathml.4ht
version 2009-04-18-11:08
)
(/usr/share/texmf/tex/generic/tex4ht/ooffice-mml.4ht
version 2009-06-11-09:32
)
\:tokwrite=\toks19
\:tokpage=\toks20
--------------------------------------
--- Note --- for back links to toc, use the command line option `sections+'
--------------------------------------
--------------------------------------
--- Note --- for linear crosslinks of pages, use the command line option `next'

--------------------------------------
\openout15 = `anarchism_and_permaculture.4ct'.

\:tocout=\write4
\openout4 = `anarchism_and_permaculture.4tc'.


(/usr/share/texmf/tex/generic/tex4ht/ooffice.4ht
version 2009-06-11-09:32
)
(/usr/share/texmf/tex/generic/tex4ht/unicode.4ht
version 2009-02-23-20:45
)
(/usr/share/texmf/tex/generic/tex4ht/mathml.4ht
version 2009-04-18-11:08
)
(/usr/share/texmf/tex/generic/tex4ht/ooffice-mml.4ht
version 2009-06-11-09:32
)
(/usr/share/texmf/tex/generic/tex4ht/latex.4ht
version 2009-05-21-09:32

(/usr/share/texmf/tex/generic/tex4ht/ooffice.4ht
version 2009-06-11-09:32
--------------------------------------
--- Note --- for enumerated list elements with valued data, use the command lin
e option `enumerate+'
--------------------------------------
--------------------------------------
--- Note --- to hide clickable index and bibliography references use the comman
d line option `hidden-ref'
--------------------------------------
\tmp:bx=\box52
)
(/usr/share/texmf/tex/generic/tex4ht/unicode.4ht
version 2009-02-23-20:45
)
(/usr/share/texmf/tex/generic/tex4ht/mathml.4ht
version 2009-04-18-11:08
)
(/usr/share/texmf/tex/generic/tex4ht/ooffice-mml.4ht
version 2009-06-11-09:32
--------------------------------------
--- Note --- for tab-based layoutof equation environment use the command line o
ption `tab-eq'
--------------------------------------
))
(/usr/share/texmf/tex/generic/tex4ht/fontmath.4ht
version 2009-05-21-09:32

(/usr/share/texmf/tex/generic/tex4ht/ooffice.4ht
version 2009-06-11-09:32
)
(/usr/share/texmf/tex/generic/tex4ht/unicode.4ht
version 2009-02-23-20:45
)
(/usr/share/texmf/tex/generic/tex4ht/mathml.4ht
version 2009-04-18-11:08
 [1

]
LaTeX Font Info:    External font `cmex10' loaded for size
(Font)              <10.95> on input line 1375.
LaTeX Font Info:    External font `cmex10' loaded for size
(Font)              <8> on input line 1375.
LaTeX Font Info:    External font `cmex10' loaded for size
(Font)              <6> on input line 1375.
 [2] [3] [4] [5] [6]
[7] [8] [9] [10] [11] [12] [13] [14] [15] [16] [17] [18] [19] [20] [21]
[22] [23] [24] [25] [26] [27] [28] [29] [30] [31] [32] [33] [34] [35] [36]
[37] [38] [39] [40] [41] [42] [43] [44] [45] [46] [47] [48]
--------------------------------------
--- Note --- for sources failing to produce clean mathml code, try the command 
line option `mathml-'
--------------------------------------
 [49] [50] [51]
[52] [53]) (/usr/share/texmf/tex/generic/tex4ht/ooffice-mml.4ht
version 2009-06-11-09:32
))
(/usr/share/texmf/tex/generic/tex4ht/article.4ht
version 2009-05-21-09:32

(/usr/share/texmf/tex/generic/tex4ht/ooffice.4ht
version 2009-06-11-09:32
--------------------------------------
--- Note --- for a degraded bibliography friendlier for conversion to .doc, use
 the command line option `bib-'
--------------------------------------
)
(/usr/share/texmf/tex/generic/tex4ht/unicode.4ht
version 2009-02-23-20:45
)
(/usr/share/texmf/tex/generic/tex4ht/mathml.4ht
version 2009-04-18-11:08
)
(/usr/share/texmf/tex/generic/tex4ht/ooffice-mml.4ht
version 2009-06-11-09:32
))
(/usr/share/texmf/tex/generic/tex4ht/color.4ht
version 2009-05-21-09:32

(/usr/share/texmf/tex/generic/tex4ht/ooffice.4ht
version 2009-06-11-09:32
)
(/usr/share/texmf/tex/generic/tex4ht/unicode.4ht
version 2009-02-23-20:45
)
(/usr/share/texmf/tex/generic/tex4ht/mathml.4ht
version 2009-04-18-11:08
)
(/usr/share/texmf/tex/generic/tex4ht/ooffice-mml.4ht
version 2009-06-11-09:32
))
(/usr/share/texmf/tex/generic/tex4ht/dvips.4ht
version 2009-05-21-09:32

(/usr/share/texmf/tex/generic/tex4ht/ooffice.4ht
version 2009-06-11-09:32
)
(/usr/share/texmf/tex/generic/tex4ht/unicode.4ht
version 2009-02-23-20:45
)
(/usr/share/texmf/tex/generic/tex4ht/mathml.4ht
version 2009-04-18-11:08
)
(/usr/share/texmf/tex/generic/tex4ht/ooffice-mml.4ht
version 2009-06-11-09:32
))
(/usr/share/texmf/tex/generic/tex4ht/dvipsnam.4ht
version 2009-05-21-09:32

(/usr/share/texmf-texlive/tex/latex/graphics/dvipsnam.def)
(/usr/share/texmf/tex/generic/tex4ht/ooffice.4ht
version 2009-06-11-09:32
)
(/usr/share/texmf/tex/generic/tex4ht/unicode.4ht
version 2009-02-23-20:45
)
(/usr/share/texmf/tex/generic/tex4ht/mathml.4ht
version 2009-04-18-11:08
)
(/usr/share/texmf/tex/generic/tex4ht/ooffice-mml.4ht
version 2009-06-11-09:32
))
(/usr/share/texmf/tex/generic/tex4ht/multicol.4ht
version 2009-05-21-09:32

(/usr/share/texmf/tex/generic/tex4ht/ooffice.4ht
version 2009-06-11-09:32
)
(/usr/share/texmf/tex/generic/tex4ht/unicode.4ht
version 2009-02-23-20:45
)
(/usr/share/texmf/tex/generic/tex4ht/mathml.4ht
version 2009-04-18-11:08
)
(/usr/share/texmf/tex/generic/tex4ht/ooffice-mml.4ht
version 2009-06-11-09:32
))
(/usr/share/texmf/tex/generic/tex4ht/verbatim.4ht
version 2009-05-21-09:32

(/usr/share/texmf/tex/generic/tex4ht/ooffice.4ht
version 2009-06-11-09:32
)
(/usr/share/texmf/tex/generic/tex4ht/unicode.4ht
version 2009-02-23-20:45
)
(/usr/share/texmf/tex/generic/tex4ht/mathml.4ht
version 2009-04-18-11:08
)
(/usr/share/texmf/tex/generic/tex4ht/ooffice-mml.4ht
version 2009-06-11-09:32
))
(/usr/share/texmf/tex/generic/tex4ht/ooffice.4ht
version 2009-06-11-09:32
)
(/usr/share/texmf/tex/generic/tex4ht/unicode.4ht
version 2009-02-23-20:45
)
(/usr/share/texmf/tex/generic/tex4ht/mathml.4ht
version 2009-04-18-11:08
)
(/usr/share/texmf/tex/generic/tex4ht/ooffice-mml.4ht
version 2009-06-11-09:32
))
(./anarchism_and_permaculture.aux)
\openout1 = `anarchism_and_permaculture.aux'.

LaTeX Font Info:    Checking defaults for OML/cmm/m/it on input line 14.
LaTeX Font Info:    ... okay on input line 14.
LaTeX Font Info:    Checking defaults for T1/cmr/m/n on input line 14.
LaTeX Font Info:    ... okay on input line 14.
LaTeX Font Info:    Checking defaults for OT1/cmr/m/n on input line 14.
LaTeX Font Info:    ... okay on input line 14.
LaTeX Font Info:    Checking defaults for OMS/cmsy/m/n on input line 14.
LaTeX Font Info:    ... okay on input line 14.
LaTeX Font Info:    Checking defaults for OMX/cmex/m/n on input line 14.
LaTeX Font Info:    ... okay on input line 14.
LaTeX Font Info:    Checking defaults for U/cmr/m/n on input line 14.
LaTeX Font Info:    ... okay on input line 14.
Package marginnote Info: \pdfoutput not 0 and \pdflastxpos available.
(marginnote)             Extended position detection mode activated.

*geometry auto-detecting driver*
*geometry detected driver: dvips*
-------------------- Geometry parameters
paper: a4paper
landscape: --
twocolumn: --
twoside: true
asymmetric: --
h-parts: 113.81102pt, 369.88583pt, 113.81102pt
v-parts: 101.40665pt, 0.7\paperheight , 152.11pt (default)
hmarginratio: --
vmarginratio: 2:3
lines: --
heightrounded: --
bindingoffset: 0.0pt
truedimen: --
includehead: --
includefoot: --
includemp: --
driver: dvips
-------------------- Page layout dimensions and switches
\paperwidth  597.50787pt
\paperheight 845.04684pt
\textwidth  369.88583pt
\textheight 591.5302pt
\oddsidemargin  0.0pt
\evensidemargin 0.0pt
\topmargin  -7.86334pt
\headheight 12.0pt
\headsep    25.0pt
\footskip   30.0pt
\marginparwidth 50.0pt
\marginparsep   10.0pt
\columnsep  10.0pt
\skip\footins  10.0pt plus 4.0pt minus 2.0pt
\hoffset 0.0pt
\voffset 0.0pt
\mag 1000
\@twosidetrue \@mparswitchtrue 
(1in=72.27pt, 1cm=28.45pt)
-----------------------
[1] [2]
LaTeX Font Info:    External font `cmex10' loaded for size
(Font)              <12> on input line 18.
Package marginnote Info: Margin note 3.1 is on absolute page 4
(marginnote)              on input line 29.
Package marginnote Info: xpos seams to be 72.26999pt,
(marginnote)             \marginnoteleftadjust ignored on input line 29.
 [3]
Package marginnote Info: Margin note 4.1 is on absolute page 4
(marginnote)              on input line 31.
Package marginnote Info: xpos seams to be 72.26999pt,
(marginnote)             \marginnoteleftadjust ignored on input line 31.
Package marginnote Info: Margin note 4.2 is on absolute page 4
(marginnote)              on input line 39.
Package marginnote Info: xpos seams to be 72.26999pt,
(marginnote)             \marginnoteleftadjust ignored on input line 39.
 [4]
LaTeX Font Info:    External font `cmex10' loaded for size
(Font)              <9> on input line 45.
LaTeX Font Info:    External font `cmex10' loaded for size
(Font)              <5> on input line 45.
--- file anarchism_and_permaculture-m2.4om ---
 [5

] [6] [7] [8] (./anarchism_and_permaculture.aux) ) 
Here is how much of TeX's memory you used:
 5167 strings out of 495062
 61798 string characters out of 1182644
 272674 words of memory out of 3000000
 8229 multiletter control sequences out of 15000+50000
 13295 words of font info for 46 fonts, out of 3000000 for 9000
 28 hyphenation exceptions out of 8191
 34i,7n,35p,1996b,510s stack positions out of 5000i,500n,10000p,200000b,50000s

Output written on anarchism_and_permaculture.dvi (61 pages, 92772 bytes).
